<?xml version="1.0" encoding="UTF-8"?>
<!-- Generated by org.testng.reporters.JUnitReportReporter -->
<testsuite hostname="P4CLAP-19GNS93" failures="0" tests="1" name="rahulshettyacademy.ExtentReports.ExtentReportDemo" time="14.046" errors="0" timestamp="2023-10-14T01:29:46 IST" skipped="0">
  <testcase classname="rahulshettyacademy.ExtentReports.ExtentReportDemo" name="initialTest" time="14.046"/>
</testsuite> <!-- rahulshettyacademy.ExtentReports.ExtentReportDemo -->
